[debug] [2022-10-02T06:20:27.860Z] ----------------------------------------------------------------------
[debug] [2022-10-02T06:20:27.862Z] Command:       C:\Program Files\nodejs\node.exe C:\Users\chann\AppData\Roaming\npm\node_modules\firebase-tools\lib\bin\firebase.js init
[debug] [2022-10-02T06:20:27.863Z] CLI Version:   11.13.0
[debug] [2022-10-02T06:20:27.863Z] Platform:      win32
[debug] [2022-10-02T06:20:27.863Z] Node Version:  v16.17.0
[debug] [2022-10-02T06:20:27.864Z] Time:          Sun Oct 02 2022 11:50:27 GMT+0530 (India Standard Time)
[debug] [2022-10-02T06:20:27.864Z] ----------------------------------------------------------------------
[debug] 
[debug] [2022-10-02T06:20:27.870Z] > command requires scopes: ["email","openid","https://www.googleapis.com/auth/cloudplatformprojects.readonly","https://www.googleapis.com/auth/firebase","https://www.googleapis.com/auth/cloud-platform"]
[debug] [2022-10-02T06:20:27.871Z] > authorizing via signed-in user (channakagunawardana@gmail.com)
[info] 
     ######## #### ########  ######## ########     ###     ######  ########
     ##        ##  ##     ## ##       ##     ##  ##   ##  ##       ##
     ######    ##  ########  ######   ########  #########  ######  ######
     ##        ##  ##    ##  ##       ##     ## ##     ##       ## ##
     ##       #### ##     ## ######## ########  ##     ##  ######  ########

You're about to initialize a Firebase project in this directory:

  D:\LCS\Projects\Portfolio1_HTML_CSS_Bootstrap_JS

[info] 
=== Project Setup
[info] 
[info] First, let's associate this project directory with a Firebase project.
[info] You can create multiple project aliases by running firebase use --add, 
[info] but for now we'll just set up a default project.
[info] 
[debug] [2022-10-02T06:25:54.538Z] >>> [apiv2][query] GET https://firebase.googleapis.com/v1beta1/projects pageSize=100
[debug] [2022-10-02T06:25:55.388Z] <<< [apiv2][status] GET https://firebase.googleapis.com/v1beta1/projects 200
[debug] [2022-10-02T06:25:55.389Z] <<< [apiv2][body] GET https://firebase.googleapis.com/v1beta1/projects [omitted]
[info] i  Using project ch-paintings (ch paintings) 
[info] 
=== Hosting Setup
[info] 
[info] Your public directory is the folder (relative to your project directory) that
[info] will contain Hosting assets to be uploaded with firebase deploy. If you
[info] have a build process for your assets, use your build's output directory.
[info] 
[info] +  Wrote public/404.html 
[debug] [2022-10-02T06:27:21.989Z] >>> [apiv2][query] GET https://www.gstatic.com/firebasejs/releases.json [none]
[debug] [2022-10-02T06:27:22.294Z] <<< [apiv2][status] GET https://www.gstatic.com/firebasejs/releases.json 200
[debug] [2022-10-02T06:27:22.294Z] <<< [apiv2][body] GET https://www.gstatic.com/firebasejs/releases.json {"current":{"version":"9.10.0","browserURL":"https://www.gstatic.com/firebasejs/9.10.0/firebase.js","packageURL":"https://www.gstatic.com/firebasejs/9.10.0/firebase.tgz"},"live":{"version":"9.10","browserURL":"https://www.gstatic.com/firebasejs/live/9.10/firebase.js","packageURL":"https://www.gstatic.com/firebasejs/live/9.10/firebase.tgz"},"components":{"analytics":"https://www.gstatic.com/firebasejs/9.10.0/firebase-analytics.js","app":"https://www.gstatic.com/firebasejs/9.10.0/firebase-app.js","app-check":"https://www.gstatic.com/firebasejs/9.10.0/firebase-app-check.js","auth":"https://www.gstatic.com/firebasejs/9.10.0/firebase-auth.js","auth/cordova":"https://www.gstatic.com/firebasejs/9.10.0/firebase-auth/cordova.js","auth/react-native":"https://www.gstatic.com/firebasejs/9.10.0/firebase-auth/react-native.js","functions":"https://www.gstatic.com/firebasejs/9.10.0/firebase-functions.js","firestore":"https://www.gstatic.com/firebasejs/9.10.0/firebase-firestore.js","firestore/lite":"https://www.gstatic.com/firebasejs/9.10.0/firebase-firestore/lite.js","installations":"https://www.gstatic.com/firebasejs/9.10.0/firebase-installations.js","storage":"https://www.gstatic.com/firebasejs/9.10.0/firebase-storage.js","performance":"https://www.gstatic.com/firebasejs/9.10.0/firebase-performance.js","remote-config":"https://www.gstatic.com/firebasejs/9.10.0/firebase-remote-config.js","messaging":"https://www.gstatic.com/firebasejs/9.10.0/firebase-messaging.js","messaging/sw":"https://www.gstatic.com/firebasejs/9.10.0/firebase-messaging/sw.js","database":"https://www.gstatic.com/firebasejs/9.10.0/firebase-database.js","firestore.memory":"https://www.gstatic.com/firebasejs/9.10.0/firebase-firestore.memory.js"}}
[info] +  Wrote public/index.html 
[info] 
[info] i  Didn't detect a .git folder. Assuming D:\LCS\Projects\Portfolio1_HTML_CSS_Bootstrap_JS is the project root. 
[info] i  Authorizing with GitHub to upload your service account to a GitHub repository's secrets store. 
[info] 
[info] Visit this URL on this device to log in:
[info] https://github.com/login/oauth/authorize?client_id=89cf50f02ac6aaed3484&state=616732221&redirect_uri=http%3A%2F%2Flocalhost%3A9005&scope=read%3Auser%20repo%20public_repo
[info] 
[info] Waiting for authentication...
[debug] [2022-10-02T06:27:44.890Z] >>> [apiv2][query] POST https://github.com/login/oauth/access_token [none]
[debug] [2022-10-02T06:27:44.890Z] >>> [apiv2][body] POST https://github.com/login/oauth/access_token [stream]
[debug] [2022-10-02T06:27:45.519Z] <<< [apiv2][status] POST https://github.com/login/oauth/access_token 200
[debug] [2022-10-02T06:27:45.519Z] <<< [apiv2][body] POST https://github.com/login/oauth/access_token {"access_token":"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","token_type":"bearer","scope":"read:user,repo"}
[debug] [2022-10-02T06:27:45.573Z] >>> [apiv2][query] GET https://api.github.com/user [none]
[debug] [2022-10-02T06:27:46.317Z] <<< [apiv2][status] GET https://api.github.com/user 200
[debug] [2022-10-02T06:27:46.317Z] <<< [apiv2][body] GET https://api.github.com/user {"login":"Chnnka","id":50627400,"node_id":"MDQ6VXNlcjUwNjI3NDAw","avatar_url":"https://avatars.githubusercontent.com/u/50627400?v=4","gravatar_id":"","url":"https://api.github.com/users/Chnnka","html_url":"https://github.com/Chnnka","followers_url":"https://api.github.com/users/Chnnka/followers","following_url":"https://api.github.com/users/Chnnka/following{/other_user}","gists_url":"https://api.github.com/users/Chnnka/gists{/gist_id}","starred_url":"https://api.github.com/users/Chnnka/starred{/owner}{/repo}","subscriptions_url":"https://api.github.com/users/Chnnka/subscriptions","organizations_url":"https://api.github.com/users/Chnnka/orgs","repos_url":"https://api.github.com/users/Chnnka/repos","events_url":"https://api.github.com/users/Chnnka/events{/privacy}","received_events_url":"https://api.github.com/users/Chnnka/received_events","type":"User","site_admin":false,"name":"Channaka Gunawardhana","company":null,"blog":"","location":null,"email":null,"hireable":null,"bio":null,"twitter_username":null,"public_repos":6,"public_gists":0,"followers":3,"following":4,"created_at":"2019-05-14T13:53:36Z","updated_at":"2022-09-05T11:12:08Z","private_gists":0,"total_private_repos":2,"owned_private_repos":2,"disk_usage":296908,"collaborators":0,"two_factor_authentication":true,"plan":{"name":"free","space":976562499,"collaborators":0,"private_repos":10000}}
[info] 
[info] +  Success! Logged into GitHub as Chnnka 
[info] 
[debug] [2022-10-02T06:44:26.383Z] >>> [apiv2][query] GET https://api.github.com/repos/Chnnka/Portfolio1_HTML_CSS_Bootrap_JS/actions/secrets/public-key type=owner
[debug] [2022-10-02T06:44:26.937Z] <<< [apiv2][status] GET https://api.github.com/repos/Chnnka/Portfolio1_HTML_CSS_Bootrap_JS/actions/secrets/public-key 401
[debug] [2022-10-02T06:44:26.937Z] <<< [apiv2][body] GET https://api.github.com/repos/Chnnka/Portfolio1_HTML_CSS_Bootrap_JS/actions/secrets/public-key {"message":"Bad credentials","documentation_url":"https://docs.github.com/rest"}
[debug] [2022-10-02T06:44:29.820Z] >>> [apiv2][query] GET https://api.github.com/repos/Chnnka/Portfolio1_HTML_CSS_Bootrap_JS/actions/secrets/public-key type=owner
[debug] [2022-10-02T06:44:30.352Z] <<< [apiv2][status] GET https://api.github.com/repos/Chnnka/Portfolio1_HTML_CSS_Bootrap_JS/actions/secrets/public-key 401
[debug] [2022-10-02T06:44:30.352Z] <<< [apiv2][body] GET https://api.github.com/repos/Chnnka/Portfolio1_HTML_CSS_Bootrap_JS/actions/secrets/public-key {"message":"Bad credentials","documentation_url":"https://docs.github.com/rest"}
[debug] [2022-10-02T06:45:29.178Z] >>> [apiv2][query] GET https://api.github.com/repos/Chnnka/Portfolio1_HTML_CSS_Bootrap_JS/actions/secrets/public-key type=owner
[debug] [2022-10-02T06:45:29.722Z] <<< [apiv2][status] GET https://api.github.com/repos/Chnnka/Portfolio1_HTML_CSS_Bootrap_JS/actions/secrets/public-key 401
[debug] [2022-10-02T06:45:29.722Z] <<< [apiv2][body] GET https://api.github.com/repos/Chnnka/Portfolio1_HTML_CSS_Bootrap_JS/actions/secrets/public-key {"message":"Bad credentials","documentation_url":"https://docs.github.com/rest"}
[debug] [2022-10-02T06:46:16.573Z] >>> [apiv2][query] GET https://api.github.com/repos/Chnnka/Portfolio1_HTML_CSS_Bootrap_JS/actions/secrets/public-key type=owner
[debug] [2022-10-02T06:46:17.130Z] <<< [apiv2][status] GET https://api.github.com/repos/Chnnka/Portfolio1_HTML_CSS_Bootrap_JS/actions/secrets/public-key 401
[debug] [2022-10-02T06:46:17.130Z] <<< [apiv2][body] GET https://api.github.com/repos/Chnnka/Portfolio1_HTML_CSS_Bootrap_JS/actions/secrets/public-key {"message":"Bad credentials","documentation_url":"https://docs.github.com/rest"}
[debug] [2022-10-02T06:47:11.014Z] >>> [apiv2][query] GET https://api.github.com/repos/Chnnka/Portfolio1_HTML_CSS_Bootrap_JS/actions/secrets/public-key type=owner
[debug] [2022-10-02T06:47:11.601Z] <<< [apiv2][status] GET https://api.github.com/repos/Chnnka/Portfolio1_HTML_CSS_Bootrap_JS/actions/secrets/public-key 401
[debug] [2022-10-02T06:47:11.601Z] <<< [apiv2][body] GET https://api.github.com/repos/Chnnka/Portfolio1_HTML_CSS_Bootrap_JS/actions/secrets/public-key {"message":"Bad credentials","documentation_url":"https://docs.github.com/rest"}
[debug] [2022-10-02T06:47:12.134Z] >>> [apiv2][query] GET https://api.github.com/repos/Chnnka/Portfolio1_HTML_CSS_Bootrap_JS/actions/secrets/public-key type=owner
[debug] [2022-10-02T06:47:12.620Z] <<< [apiv2][status] GET https://api.github.com/repos/Chnnka/Portfolio1_HTML_CSS_Bootrap_JS/actions/secrets/public-key 401
[debug] [2022-10-02T06:47:12.620Z] <<< [apiv2][body] GET https://api.github.com/repos/Chnnka/Portfolio1_HTML_CSS_Bootrap_JS/actions/secrets/public-key {"message":"Bad credentials","documentation_url":"https://docs.github.com/rest"}
[debug] [2022-10-02T06:48:17.642Z] >>> [apiv2][query] GET https://api.github.com/repos/Chnnka/Portfolio1_HTML_CSS_Bootrap_JS/actions/secrets/public-key type=owner
[debug] [2022-10-02T06:48:18.210Z] <<< [apiv2][status] GET https://api.github.com/repos/Chnnka/Portfolio1_HTML_CSS_Bootrap_JS/actions/secrets/public-key 401
[debug] [2022-10-02T06:48:18.210Z] <<< [apiv2][body] GET https://api.github.com/repos/Chnnka/Portfolio1_HTML_CSS_Bootrap_JS/actions/secrets/public-key {"message":"Bad credentials","documentation_url":"https://docs.github.com/rest"}
[debug] [2022-10-02T06:48:57.445Z] >>> [apiv2][query] GET https://api.github.com/repos/Chnnka/Portfolio1_HTML_CSS_Bootrap_JS/actions/secrets/public-key type=owner
[debug] [2022-10-02T06:48:57.701Z] >>> [apiv2][query] GET https://api.github.com/repos//actions/secrets/public-key type=owner
[debug] [2022-10-02T06:48:58.088Z] <<< [apiv2][status] GET https://api.github.com/repos/Chnnka/Portfolio1_HTML_CSS_Bootrap_JS/actions/secrets/public-key 401
[debug] [2022-10-02T06:48:58.089Z] <<< [apiv2][body] GET https://api.github.com/repos/Chnnka/Portfolio1_HTML_CSS_Bootrap_JS/actions/secrets/public-key {"message":"Bad credentials","documentation_url":"https://docs.github.com/rest"}
[debug] [2022-10-02T06:48:58.199Z] <<< [apiv2][status] GET https://api.github.com/repos//actions/secrets/public-key 401
[debug] [2022-10-02T06:48:58.199Z] <<< [apiv2][body] GET https://api.github.com/repos//actions/secrets/public-key {"message":"Bad credentials","documentation_url":"https://docs.github.com/rest"}
[debug] [2022-10-02T06:48:58.739Z] >>> [apiv2][query] GET https://api.github.com/repos/Chnnka/Portfolio1_HTML_CSS_Bootrap_JS/actions/secrets/public-key type=owner
[debug] [2022-10-02T06:48:58.896Z] >>> [apiv2][query] GET https://api.github.com/repos//actions/secrets/public-key type=owner
[debug] [2022-10-02T06:48:59.233Z] <<< [apiv2][status] GET https://api.github.com/repos/Chnnka/Portfolio1_HTML_CSS_Bootrap_JS/actions/secrets/public-key 401
[debug] [2022-10-02T06:48:59.233Z] <<< [apiv2][body] GET https://api.github.com/repos/Chnnka/Portfolio1_HTML_CSS_Bootrap_JS/actions/secrets/public-key {"message":"Bad credentials","documentation_url":"https://docs.github.com/rest"}
[debug] [2022-10-02T06:48:59.396Z] <<< [apiv2][status] GET https://api.github.com/repos//actions/secrets/public-key 401
[debug] [2022-10-02T06:48:59.396Z] <<< [apiv2][body] GET https://api.github.com/repos//actions/secrets/public-key {"message":"Bad credentials","documentation_url":"https://docs.github.com/rest"}
[debug] [2022-10-02T06:51:14.995Z] >>> [apiv2][query] GET https://api.github.com/repos/user/Portfolio1_HTML_CSS_Bootrap_JS/actions/secrets/public-key type=owner
[debug] [2022-10-02T06:51:15.603Z] <<< [apiv2][status] GET https://api.github.com/repos/user/Portfolio1_HTML_CSS_Bootrap_JS/actions/secrets/public-key 401
[debug] [2022-10-02T06:51:15.603Z] <<< [apiv2][body] GET https://api.github.com/repos/user/Portfolio1_HTML_CSS_Bootrap_JS/actions/secrets/public-key {"message":"Bad credentials","documentation_url":"https://docs.github.com/rest"}
[debug] [2022-10-02T06:51:20.249Z] >>> [apiv2][query] GET https://api.github.com/repos//actions/secrets/public-key type=owner
[debug] [2022-10-02T06:51:20.864Z] <<< [apiv2][status] GET https://api.github.com/repos//actions/secrets/public-key 401
[debug] [2022-10-02T06:51:20.865Z] <<< [apiv2][body] GET https://api.github.com/repos//actions/secrets/public-key {"message":"Bad credentials","documentation_url":"https://docs.github.com/rest"}
[debug] [2022-10-02T06:51:26.136Z] >>> [apiv2][query] GET https://api.github.com/repos/e/actions/secrets/public-key type=owner
[debug] [2022-10-02T06:51:26.765Z] <<< [apiv2][status] GET https://api.github.com/repos/e/actions/secrets/public-key 401
[debug] [2022-10-02T06:51:26.765Z] <<< [apiv2][body] GET https://api.github.com/repos/e/actions/secrets/public-key {"message":"Bad credentials","documentation_url":"https://docs.github.com/rest"}
[debug] [2022-10-02T06:52:46.970Z] >>> [apiv2][query] GET https://api.github.com/repos/Chnnka/Portfolio1_HTML_CSS_Bootrap_JS/actions/secrets/public-key type=owner
[debug] [2022-10-02T06:52:47.518Z] <<< [apiv2][status] GET https://api.github.com/repos/Chnnka/Portfolio1_HTML_CSS_Bootrap_JS/actions/secrets/public-key 401
[debug] [2022-10-02T06:52:47.518Z] <<< [apiv2][body] GET https://api.github.com/repos/Chnnka/Portfolio1_HTML_CSS_Bootrap_JS/actions/secrets/public-key {"message":"Bad credentials","documentation_url":"https://docs.github.com/rest"}
